<?xml version="1.0" encoding="UTF-8"?>
<testsuite name="moviebuddy.domain.JaxbMovieReaderTest" tests="1" skipped="0" failures="0" errors="0" timestamp="2022-09-27T00:50:39" hostname="beautiflowui-MacBookAir.local" time="0.454">
  <properties/>
  <testcase name="NotEmpty_LoadedMovies()" classname="moviebuddy.domain.JaxbMovieReaderTest" time="0.454"/>
  <system-out><![CDATA[]]></system-out>
  <system-err><![CDATA[]]></system-err>
</testsuite>
