<?xml version="1.0" encoding="UTF-8"?>
<testsuite name="moviebuddy.domain.JaxbMovieReaderTest" tests="1" skipped="0" failures="0" errors="0" timestamp="2022-09-28T00:42:59" hostname="beautiflowui-MacBookAir.local" time="0.491">
  <properties/>
  <testcase name="NotEmpty_LoadedMovies()" classname="moviebuddy.domain.JaxbMovieReaderTest" time="0.491"/>
  <system-out><![CDATA[]]></system-out>
  <system-err><![CDATA[]]></system-err>
</testsuite>
