<?xml version="1.0" encoding="UTF-8"?>
<testsuite name="moviebuddy.domain.MovieFinderTest" tests="1" skipped="0" failures="0" errors="0" timestamp="2022-09-27T08:13:47" hostname="beautiflowui-MacBookAir.local" time="0.169">
  <properties/>
  <testcase name="NotEmpty_directedBy()" classname="moviebuddy.domain.MovieFinderTest" time="0.169"/>
  <system-out><![CDATA[]]></system-out>
  <system-err><![CDATA[]]></system-err>
</testsuite>
