<?xml version="1.0" encoding="UTF-8"?>
<testsuite name="moviebuddy.data.JaxbMovieReaderTest" tests="1" skipped="0" failures="0" errors="0" timestamp="2022-09-29T06:54:57" hostname="beautiflowui-MacBookAir.local" time="0.513">
  <properties/>
  <testcase name="NotEmpty_LoadedMovies()" classname="moviebuddy.data.JaxbMovieReaderTest" time="0.513"/>
  <system-out><![CDATA[]]></system-out>
  <system-err><![CDATA[9월 29, 2022 3:54:56 오후 org.springframework.test.context.support.AbstractTestContextBootstrapper getDefaultTestExecutionListenerClassNames
INFO: Loaded default TestExecutionListener class names from location [META-INF/spring.factories]: [org.springframework.test.context.web.ServletTestExecutionListener, org.springframework.test.context.support.DirtiesContextBeforeModesTestExecutionListener, org.springframework.test.context.event.ApplicationEventsTestExecutionListener, org.springframework.test.context.support.DependencyInjectionTestExecutionListener, org.springframework.test.context.support.DirtiesContextTestExecutionListener, org.springframework.test.context.transaction.TransactionalTestExecutionListener, org.springframework.test.context.jdbc.SqlScriptsTestExecutionListener, org.springframework.test.context.event.EventPublishingTestExecutionListener]
9월 29, 2022 3:54:56 오후 org.springframework.test.context.support.AbstractTestContextBootstrapper getTestExecutionListeners
INFO: Using TestExecutionListeners: [org.springframework.test.context.support.DirtiesContextBeforeModesTestExecutionListener@318f5589, org.springframework.test.context.event.ApplicationEventsTestExecutionListener@483b1c7, org.springframework.test.context.support.DependencyInjectionTestExecutionListener@6d257a2a, org.springframework.test.context.support.DirtiesContextTestExecutionListener@d8e5070, org.springframework.test.context.event.EventPublishingTestExecutionListener@46e66f55]
]]></system-err>
</testsuite>
